TN:
SF:src/access/AccessManager.sol
DA:12,158
FN:12,AccessManager.constructor
FNDA:158,AccessManager.constructor
DA:13,158
BRDA:13,0,0,1
DA:14,1
DA:17,157
DA:18,157
DA:21,248
FN:21,AccessManager.onlyAdmin
FNDA:248,AccessManager.onlyAdmin
DA:22,248
BRDA:22,1,0,2
DA:23,2
DA:29,248
FN:29,AccessManager.grantRole
FNDA:248,AccessManager.grantRole
DA:30,246
BRDA:30,2,0,0
DA:31,0
DA:34,246
DA:37,2
FN:37,AccessManager.revokeRole
FNDA:2,AccessManager.revokeRole
DA:38,2
BRDA:38,3,0,0
DA:39,0
DA:42,2
DA:45,265961
FN:45,AccessManager.hasRole
FNDA:265961,AccessManager.hasRole
DA:46,266459
FNF:5
FNH:5
LF:18
LH:16
BRF:4
BRH:2
end_of_record
TN:
SF:src/common/AccessControlled.sol
DA:10,229
FN:10,AccessControlled.constructor
FNDA:229,AccessControlled.constructor
DA:11,229
BRDA:11,0,0,1
DA:12,1
DA:15,228
DA:18,265604
FN:18,AccessControlled.onlyRole
FNDA:265604,AccessControlled.onlyRole
DA:19,265604
BRDA:19,1,0,6
DA:20,6
DA:26,0
FN:26,AccessControlled.getAccessManager
FNDA:0,AccessControlled.getAccessManager
DA:27,0
FNF:3
FNH:2
LF:9
LH:7
BRF:2
BRH:2
end_of_record
TN:
SF:src/common/Math.sol
DA:6,5
FN:6,Math.min
FNDA:5,Math.min
DA:7,5
DA:10,5
FN:10,Math.max
FNDA:5,Math.max
DA:11,5
DA:14,7
FN:14,Math.percentage
FNDA:7,Math.percentage
DA:15,7
FNF:3
FNH:3
LF:6
LH:6
BRF:0
BRH:0
end_of_record
TN:
SF:src/common/Validation.sol
DA:15,265648
FN:15,Validation.validateAddress
FNDA:265648,Validation.validateAddress
DA:16,265648
BRDA:16,0,0,7
DA:17,7
DA:28,265645
FN:28,Validation.validateAmount
FNDA:265645,Validation.validateAmount
DA:29,265645
BRDA:29,1,0,7
DA:30,7
DA:45,3
FN:45,Validation.validateDeadline
FNDA:3,Validation.validateDeadline
DA:46,3
BRDA:46,2,0,1
DA:47,1
FNF:3
FNH:3
LF:9
LH:9
BRF:3
BRH:3
end_of_record
TN:
SF:src/token/AtlasToken.sol
DA:18,1
FN:18,AtlasToken.accessManager
FNDA:1,AtlasToken.accessManager
DA:19,1
DA:22,265584
FN:22,AtlasToken.mint
FNDA:265584,AtlasToken.mint
DA:23,265581
DA:25,265580
DA:27,265579
DA:29,265579
DA:32,8
FN:32,AtlasToken.burn
FNDA:8,AtlasToken.burn
DA:33,5
DA:35,4
DA:37,3
DA:39,2
FNF:3
FNH:3
LF:12
LH:12
BRF:0
BRH:0
end_of_record
TN:
SF:src/token/AtlasTokenBase.sol
DA:14,713708
FN:14,AtlasTokenBase._update
FNDA:713708,AtlasTokenBase._update
DA:15,713708
DA:18,11
FN:18,AtlasTokenBase.nonces
FNDA:11,AtlasTokenBase.nonces
DA:19,11
FNF:2
FNH:2
LF:4
LH:4
BRF:0
BRH:0
end_of_record
TN:
SF:src/treasury/Treasury.sol
DA:26,1
FN:26,Treasury.accessManager
FNDA:1,Treasury.accessManager
DA:27,1
DA:30,9
FN:30,Treasury.balanceETH
FNDA:9,Treasury.balanceETH
DA:31,9
DA:34,10
FN:34,Treasury.tokenBalance
FNDA:10,Treasury.tokenBalance
DA:35,10
DA:42,11
FN:42,Treasury.depositETH
FNDA:11,Treasury.depositETH
DA:43,11
DA:45,10
DA:48,12
FN:48,Treasury.withdrawETH
FNDA:12,Treasury.withdrawETH
DA:54,10
DA:55,9
DA:57,8
DA:59,8
BRDA:59,0,0,1
DA:60,1
DA:63,7
DA:65,6
DA:70,7
FN:70,Treasury._sendETH
FNDA:7,Treasury._sendETH
DA:71,7
DA:73,7
BRDA:73,1,0,1
DA:74,1
DA:82,28
FN:82,Treasury.depositToken
FNDA:28,Treasury.depositToken
DA:83,28
DA:84,27
DA:86,26
DA:88,26
DA:90,26
DA:93,13
FN:93,Treasury.withdrawToken
FNDA:13,Treasury.withdrawToken
DA:99,11
DA:100,10
DA:101,9
DA:103,8
BRDA:103,2,0,1
DA:104,1
DA:107,7
DA:109,7
DA:111,7
DA:118,2
FN:118,Treasury.receive
FNDA:2,Treasury.receive
DA:119,2
DA:121,2
FNF:9
FNH:9
LF:39
LH:39
BRF:3
BRH:3
end_of_record
TN:
SF:src/vault/AtlasVault.sol
DA:24,2
FN:24,AtlasVault.accessManager
FNDA:2,AtlasVault.accessManager
DA:25,2
DA:28,2
FN:28,AtlasVault.paused
FNDA:2,AtlasVault.paused
DA:29,2
DA:34,17
FN:34,AtlasVault.pause
FNDA:17,AtlasVault.pause
DA:35,1
BRDA:35,0,0,1
DA:36,1
DA:39,15
DA:41,15
DA:44,7
FN:44,AtlasVault.unpause
FNDA:7,AtlasVault.unpause
DA:45,6
BRDA:45,1,0,1
DA:46,1
DA:49,5
DA:51,5
DA:56,4
FN:56,AtlasVault.maxDeposit
FNDA:4,AtlasVault.maxDeposit
DA:57,2
BRDA:57,2,0,2
DA:58,2
DA:61,99929
DA:64,4
FN:64,AtlasVault.maxMint
FNDA:4,AtlasVault.maxMint
DA:65,2
BRDA:65,3,0,2
DA:66,2
DA:69,1005
DA:72,4
FN:72,AtlasVault.maxWithdraw
FNDA:4,AtlasVault.maxWithdraw
DA:73,2
BRDA:73,4,0,2
DA:74,2
DA:77,89382
DA:80,4
FN:80,AtlasVault.maxRedeem
FNDA:4,AtlasVault.maxRedeem
DA:81,2
BRDA:81,5,0,2
DA:82,2
DA:85,183574
DA:90,99928
FN:90,AtlasVault.deposit
FNDA:99928,AtlasVault.deposit
DA:91,1
BRDA:91,6,0,1
DA:92,1
DA:95,99927
DA:97,99927
DA:100,1004
FN:100,AtlasVault.mint
FNDA:1004,AtlasVault.mint
DA:101,1
BRDA:101,7,0,1
DA:102,1
DA:105,1003
DA:107,1003
DA:110,89381
FN:110,AtlasVault.withdraw
FNDA:89381,AtlasVault.withdraw
DA:115,1
BRDA:115,8,0,1
DA:116,1
DA:119,89380
DA:121,89380
DA:124,94191
FN:124,AtlasVault.redeem
FNDA:94191,AtlasVault.redeem
DA:129,1
BRDA:129,9,0,1
DA:130,1
DA:133,94190
DA:135,94190
FNF:12
FNH:12
LF:50
LH:50
BRF:10
BRH:10
end_of_record
TN:
SF:test/invariant/vault/VaultHandler.sol
DA:65,8
FN:65,VaultHandler.constructor
FNDA:8,VaultHandler.constructor
DA:66,8
DA:67,8
DA:68,8
DA:70,8
DA:71,8
DA:72,8
DA:80,157960
FN:80,VaultHandler.deposit
FNDA:157960,VaultHandler.deposit
DA:81,157960
DA:83,157960
DA:86,157960
BRDA:86,0,0,65531
DA:87,65531
DA:90,92429
DA:92,92429
DA:94,92429
DA:96,92429
DA:97,92429
DA:98,92429
DA:100,92429
DA:102,92429
DA:103,92429
DA:105,92429
DA:106,92429
DA:110,160104
FN:110,VaultHandler.withdraw
FNDA:160104,VaultHandler.withdraw
DA:111,160104
DA:113,160104
DA:115,160104
BRDA:115,1,0,70728
DA:116,70728
DA:119,89376
DA:121,89376
BRDA:121,2,0,0
DA:122,0
DA:125,89376
DA:127,89376
DA:129,89376
BRDA:129,3,0,0
DA:130,0
DA:133,89376
DA:135,89376
DA:137,89376
DA:139,89376
DA:140,89376
DA:142,89376
DA:143,89376
DA:147,161496
FN:147,VaultHandler.redeem
FNDA:161496,VaultHandler.redeem
DA:148,161496
DA:150,161496
DA:152,161496
BRDA:152,4,0,70041
DA:153,70041
DA:156,91455
DA:158,91455
DA:160,91455
BRDA:160,5,0,0
DA:161,0
DA:164,91455
DA:166,91455
DA:168,91455
DA:170,91455
DA:171,91455
DA:173,91455
DA:174,91455
DA:178,160896
FN:178,VaultHandler.donate
FNDA:160896,VaultHandler.donate
DA:179,160896
DA:181,160896
DA:183,160896
DA:184,160896
DA:186,160896
DA:188,160896
DA:190,160896
DA:192,160896
DA:193,160896
DA:196,160896
DA:199,160896
DA:201,160896
DA:219,160344
FN:219,VaultHandler.inflationAttack
FNDA:160344,VaultHandler.inflationAttack
DA:220,160344
BRDA:220,6,0,160344
DA:221,160344
DA:225,105978
BRDA:225,7,0,105978
DA:226,105978
DA:229,2728
DA:231,2728
DA:233,2728
DA:235,2728
DA:236,2728
DA:242,2728
DA:244,2728
DA:246,2728
DA:248,2728
DA:250,2728
DA:252,2728
BRDA:252,8,0,0
DA:253,0
DA:260,2728
DA:262,2728
DA:264,2728
DA:266,2728
DA:268,2728
DA:270,2728
DA:273,2728
DA:279,2728
DA:281,2728
DA:283,2728
DA:285,2728
DA:287,2728
DA:289,2728
DA:291,2728
DA:293,2728
DA:299,2728
DA:301,2728
DA:303,2728
DA:305,2728
DA:307,2728
DA:310,2728
DA:316,2728
DA:318,2728
DA:319,2728
DA:320,2728
DA:322,2728
DA:323,2728
DA:330,479560
FN:330,VaultHandler._actor
FNDA:479560,VaultHandler._actor
DA:331,479560
DA:334,261509
FN:334,VaultHandler._mintAsset
FNDA:261509,VaultHandler._mintAsset
DA:335,261509
DA:336,261509
DA:343,0
FN:343,VaultHandler.actor
FNDA:0,VaultHandler.actor
DA:344,0
DA:347,0
FN:347,VaultHandler.actorCount
FNDA:0,VaultHandler.actorCount
DA:348,0
FNF:10
FNH:8
LF:124
LH:116
BRF:9
BRH:5
end_of_record
TN:
SF:test/mocks/MockERC20.sol
DA:15,54
FN:15,MockERC20.mint
FNDA:54,MockERC20.mint
DA:16,54
DA:22,0
FN:22,MockERC20.burn
FNDA:0,MockERC20.burn
DA:23,0
FNF:2
FNH:1
LF:4
LH:2
BRF:0
BRH:0
end_of_record
TN:
SF:test/unit/common/Validation.t.sol
DA:11,3
FN:11,ValidationHarness.validateAddress
FNDA:3,ValidationHarness.validateAddress
DA:12,3
DA:15,3
FN:15,ValidationHarness.validateAmount
FNDA:3,ValidationHarness.validateAmount
DA:16,3
DA:19,3
FN:19,ValidationHarness.validateDeadline
FNDA:3,ValidationHarness.validateDeadline
DA:20,3
FNF:3
FNH:3
LF:6
LH:6
BRF:0
BRH:0
end_of_record
TN:
SF:test/unit/token/AtlasTokenBase.t.sol
DA:26,28
FN:26,AtlasTokenBaseTest.setUp
FNDA:28,AtlasTokenBaseTest.setUp
DA:27,28
DA:28,28
DA:29,28
DA:30,28
DA:33,28
DA:34,28
DA:37,28
DA:38,28
DA:40,28
DA:42,28
DA:44,28
DA:46,28
DA:48,28
DA:50,28
DA:53,0
FN:53,AtlasTokenBaseTest._mintToUser
FNDA:0,AtlasTokenBaseTest._mintToUser
DA:54,0
DA:56,0
DA:59,0
FN:59,AtlasTokenBaseTest._burnFromUser
FNDA:0,AtlasTokenBaseTest._burnFromUser
DA:60,0
DA:62,0
FNF:3
FNH:1
LF:21
LH:15
BRF:0
BRH:0
end_of_record
TN:
SF:test/unit/treasury/TreasuryBase.t.sol
DA:31,9
FN:31,TreasuryBaseTest.setUp
FNDA:9,TreasuryBaseTest.setUp
DA:32,9
DA:34,9
DA:36,9
DA:38,9
DA:40,9
DA:42,9
DA:44,9
DA:45,9
DA:46,9
DA:47,9
DA:49,9
DA:50,9
DA:51,9
DA:55,10
FN:55,TreasuryBaseTest._depositETH
FNDA:10,TreasuryBaseTest._depositETH
DA:56,10
DA:58,10
DA:61,0
FN:61,TreasuryBaseTest._depositToken
FNDA:0,TreasuryBaseTest._depositToken
DA:62,0
DA:64,0
DA:66,0
DA:68,0
DA:71,0
FN:71,TreasuryBaseTest._withdrawETH
FNDA:0,TreasuryBaseTest._withdrawETH
DA:72,0
DA:74,0
DA:77,0
FN:77,TreasuryBaseTest._withdrawToken
FNDA:0,TreasuryBaseTest._withdrawToken
DA:78,0
DA:80,0
FNF:5
FNH:2
LF:28
LH:17
BRF:0
BRH:0
end_of_record
TN:
SF:test/unit/treasury/TreasuryConstructor.t.sol
DA:23,0
FN:23,TreasuryBaseTest.setUp
FNDA:0,TreasuryBaseTest.setUp
DA:24,0
DA:25,0
DA:26,0
DA:27,0
DA:28,0
DA:30,0
DA:32,0
DA:34,0
DA:36,0
DA:38,0
DA:40,0
DA:42,0
DA:44,0
DA:46,0
DA:48,0
DA:50,0
DA:53,0
FN:53,TreasuryBaseTest._depositETH
FNDA:0,TreasuryBaseTest._depositETH
DA:54,0
DA:56,0
FNF:2
FNH:0
LF:20
LH:0
BRF:0
BRH:0
end_of_record
TN:
SF:test/unit/treasury/TreasuryWithdrawETH.t.sol
DA:133,0
FN:133,RejectETHReceiver.receive
FNDA:0,RejectETHReceiver.receive
DA:134,0
FNF:1
FNH:0
LF:2
LH:0
BRF:0
BRH:0
end_of_record
TN:
SF:test/unit/vault/VaultBase.t.sol
DA:22,67
FN:22,VaultBase.setUp
FNDA:67,VaultBase.setUp
DA:23,67
DA:25,67
DA:27,67
DA:29,67
DA:31,67
DA:33,67
DA:35,67
DA:38,4057
FN:38,VaultBase.mintAsset
FNDA:4057,VaultBase.mintAsset
DA:39,4057
DA:41,4057
FNF:2
FNH:2
LF:11
LH:11
BRF:0
BRH:0
end_of_record
